2025-08-10 21:32:22,056 - /Users/toanly/Document/Projects/FastAPI-Learning/models/predictor.py - ERROR - Load model failed
2025-08-10 21:32:22,056 - /Users/toanly/Document/Projects/FastAPI-Learning/models/predictor.py - ERROR - Error: <urlopen error [SSL: CERTIFICATE_VERIFY_FAILED] certificate verify failed: unable to get local issuer certificate (_ssl.c:1028)>
2025-08-10 21:32:36,888 - /Users/toanly/Document/Projects/FastAPI-Learning/models/predictor.py - INFO - Starting Model Serving
2025-08-10 21:32:40,601 - /Users/toanly/Document/Projects/FastAPI-Learning/models/predictor.py - INFO - Starting Model Serving...
2025-08-10 21:32:40,720 - /Users/toanly/Document/Projects/FastAPI-Learning/models/predictor.py - ERROR - Error loading model: <urlopen error [SSL: CERTIFICATE_VERIFY_FAILED] certificate verify failed: unable to get local issuer certificate (_ssl.c:1028)>
2025-08-10 21:32:43,718 - /Users/toanly/Document/Projects/FastAPI-Learning/models/predictor.py - INFO - Starting Model Serving...
2025-08-10 21:32:43,836 - /Users/toanly/Document/Projects/FastAPI-Learning/models/predictor.py - ERROR - Error loading model: <urlopen error [SSL: CERTIFICATE_VERIFY_FAILED] certificate verify failed: unable to get local issuer certificate (_ssl.c:1028)>
2025-08-10 21:32:47,623 - /Users/toanly/Document/Projects/FastAPI-Learning/models/predictor.py - INFO - Starting Model Serving...
2025-08-10 21:32:47,741 - /Users/toanly/Document/Projects/FastAPI-Learning/models/predictor.py - ERROR - Error loading model: <urlopen error [SSL: CERTIFICATE_VERIFY_FAILED] certificate verify failed: unable to get local issuer certificate (_ssl.c:1028)>
2025-08-10 21:32:49,406 - /Users/toanly/Document/Projects/FastAPI-Learning/models/predictor.py - INFO - Starting Model Serving...
2025-08-10 21:32:49,533 - /Users/toanly/Document/Projects/FastAPI-Learning/models/predictor.py - ERROR - Error loading model: <urlopen error [SSL: CERTIFICATE_VERIFY_FAILED] certificate verify failed: unable to get local issuer certificate (_ssl.c:1028)>
2025-08-10 21:32:53,804 - /Users/toanly/Document/Projects/FastAPI-Learning/models/predictor.py - INFO - Starting Model Serving...
2025-08-10 21:32:53,924 - /Users/toanly/Document/Projects/FastAPI-Learning/models/predictor.py - ERROR - Error loading model: <urlopen error [SSL: CERTIFICATE_VERIFY_FAILED] certificate verify failed: unable to get local issuer certificate (_ssl.c:1028)>
2025-08-10 21:32:54,757 - /Users/toanly/Document/Projects/FastAPI-Learning/models/predictor.py - INFO - Starting Model Serving...
2025-08-10 21:32:54,878 - /Users/toanly/Document/Projects/FastAPI-Learning/models/predictor.py - ERROR - Error loading model: <urlopen error [SSL: CERTIFICATE_VERIFY_FAILED] certificate verify failed: unable to get local issuer certificate (_ssl.c:1028)>
2025-08-10 21:37:32,608 - /Users/toanly/Document/Projects/FastAPI-Learning/models/predictor.py - INFO - Starting Model Serving...
2025-08-10 21:37:32,748 - /Users/toanly/Document/Projects/FastAPI-Learning/models/predictor.py - ERROR - Error loading model: <urlopen error [SSL: CERTIFICATE_VERIFY_FAILED] certificate verify failed: unable to get local issuer certificate (_ssl.c:1028)>
2025-08-10 21:40:12,176 - /Users/toanly/Document/Projects/FastAPI-Learning/models/predictor.py - INFO - Starting Model Serving...
2025-08-10 21:40:12,318 - /Users/toanly/Document/Projects/FastAPI-Learning/models/predictor.py - ERROR - Error loading model: <urlopen error [SSL: CERTIFICATE_VERIFY_FAILED] certificate verify failed: unable to get local issuer certificate (_ssl.c:1028)>
2025-08-10 21:40:15,909 - /Users/toanly/Document/Projects/FastAPI-Learning/models/predictor.py - INFO - Starting Model Serving...
2025-08-10 21:40:16,029 - /Users/toanly/Document/Projects/FastAPI-Learning/models/predictor.py - ERROR - Error loading model: <urlopen error [SSL: CERTIFICATE_VERIFY_FAILED] certificate verify failed: unable to get local issuer certificate (_ssl.c:1028)>
2025-08-10 21:40:34,349 - /Users/toanly/Document/Projects/FastAPI-Learning/models/predictor.py - INFO - Starting Model Serving...
2025-08-10 21:40:34,478 - /Users/toanly/Document/Projects/FastAPI-Learning/models/predictor.py - ERROR - Error loading model: <urlopen error [SSL: CERTIFICATE_VERIFY_FAILED] certificate verify failed: unable to get local issuer certificate (_ssl.c:1028)>
2025-08-10 21:44:38,600 - /Users/toanly/Document/Projects/FastAPI-Learning/models/predictor.py - INFO - Starting Model Serving...
2025-08-10 21:44:38,743 - /Users/toanly/Document/Projects/FastAPI-Learning/models/predictor.py - ERROR - Error loading model: <urlopen error [SSL: CERTIFICATE_VERIFY_FAILED] certificate verify failed: unable to get local issuer certificate (_ssl.c:1028)>
2025-08-10 21:47:41,111 - /Users/toanly/Document/Projects/FastAPI-Learning/models/predictor.py - INFO - Starting Model Serving...
2025-08-10 21:47:41,268 - /Users/toanly/Document/Projects/FastAPI-Learning/models/predictor.py - ERROR - Error loading model: <urlopen error [SSL: CERTIFICATE_VERIFY_FAILED] certificate verify failed: unable to get local issuer certificate (_ssl.c:1028)>
2025-08-10 21:47:51,890 - /Users/toanly/Document/Projects/FastAPI-Learning/models/predictor.py - INFO - Starting Model Serving...
2025-08-10 21:47:52,009 - /Users/toanly/Document/Projects/FastAPI-Learning/models/predictor.py - ERROR - Error loading model: <urlopen error [SSL: CERTIFICATE_VERIFY_FAILED] certificate verify failed: unable to get local issuer certificate (_ssl.c:1028)>
2025-08-10 21:47:57,634 - /Users/toanly/Document/Projects/FastAPI-Learning/models/predictor.py - INFO - Starting Model Serving...
2025-08-10 21:47:57,753 - /Users/toanly/Document/Projects/FastAPI-Learning/models/predictor.py - ERROR - Error loading model: <urlopen error [SSL: CERTIFICATE_VERIFY_FAILED] certificate verify failed: unable to get local issuer certificate (_ssl.c:1028)>
